[2023-06-1915:09:54] [ ERROR] [GlobalExceptionHandler:19] Content type 'text/plain;charset=UTF-8' not supported
[2023-06-1915:10:18] [ ERROR] [GlobalExceptionHandler:19] Content type 'text/plain;charset=UTF-8' not supported
[2023-06-1915:10:39] [ ERROR] [GlobalExceptionHandler:19] Content type 'text/plain;charset=UTF-8' not supported
[2023-06-2320:37:23] [ ERROR] [GlobalExceptionHandler:19] Content type 'text/plain;charset=UTF-8' not supported
[2023-06-2320:42:11] [ ERROR] [GlobalExceptionHandler:19] Content type 'text/plain;charset=UTF-8' not supported
[2023-06-2320:42:30] [ ERROR] [GlobalExceptionHandler:19] Content type 'text/plain;charset=UTF-8' not supported
[2023-06-2320:42:32] [ ERROR] [GlobalExceptionHandler:19] Content type 'text/plain;charset=UTF-8' not supported
[2023-06-2320:43:00] [ ERROR] [GlobalExceptionHandler:19] Content type 'text/plain;charset=UTF-8' not supported
[2023-06-2320:43:07] [ ERROR] [GlobalExceptionHandler:19] Content type 'text/plain;charset=UTF-8' not supported
[2023-06-2320:43:28] [ ERROR] [GlobalExceptionHandler:19] Content type 'text/plain;charset=UTF-8' not supported
[2023-06-2320:44:15] [ ERROR] [GlobalExceptionHandler:19] Content type 'text/plain;charset=UTF-8' not supported
[2023-06-2320:47:06] [ ERROR] [GlobalExceptionHandler:19] Content type 'text/plain;charset=UTF-8' not supported
[2023-06-2320:49:08] [ ERROR] [GlobalExceptionHandler:19] Content type 'text/plain;charset=UTF-8' not supported
[2023-06-2320:51:08] [ ERROR] [GlobalExceptionHandler:19] Cannot construct instance of `com.example.FinalDesdeCero.entity.Domicilio` (no Creators, like default constructor, exist): cannot deserialize from Object value (no delegate- or property-based Creator)
 at [Source: UNKNOWN; line: -1, column: -1]
[2023-06-2320:53:03] [ ERROR] [GlobalExceptionHandler:19] Cannot construct instance of `com.example.FinalDesdeCero.entity.Domicilio` (no Creators, like default constructor, exist): cannot deserialize from Object value (no delegate- or property-based Creator)
 at [Source: UNKNOWN; line: -1, column: -1]
[2023-06-2320:59:41] [ ERROR] [GlobalExceptionHandler:19] not-null property references a null or transient value : com.example.FinalDesdeCero.entity.Domicilio.paciente; nested exception is org.hibernate.PropertyValueException: not-null property references a null or transient value : com.example.FinalDesdeCero.entity.Domicilio.paciente
[2023-06-2320:59:43] [ ERROR] [GlobalExceptionHandler:19] not-null property references a null or transient value : com.example.FinalDesdeCero.entity.Domicilio.paciente; nested exception is org.hibernate.PropertyValueException: not-null property references a null or transient value : com.example.FinalDesdeCero.entity.Domicilio.paciente
[2023-06-2320:59:54] [ ERROR] [GlobalExceptionHandler:19] not-null property references a null or transient value : com.example.FinalDesdeCero.entity.Domicilio.paciente; nested exception is org.hibernate.PropertyValueException: not-null property references a null or transient value : com.example.FinalDesdeCero.entity.Domicilio.paciente
[2023-06-2321:01:14] [ ERROR] [GlobalExceptionHandler:19] not-null property references a null or transient value : com.example.FinalDesdeCero.entity.Domicilio.paciente; nested exception is org.hibernate.PropertyValueException: not-null property references a null or transient value : com.example.FinalDesdeCero.entity.Domicilio.paciente
[2023-06-2321:03:19] [ ERROR] [GlobalExceptionHandler:19] Content type 'text/plain;charset=UTF-8' not supported
[2023-06-2321:06:57] [ ERROR] [GlobalExceptionHandler:19] Request method 'GET' not supported
[2023-06-2321:10:58] [ ERROR] [GlobalExceptionHandler:19] Request method 'PUT' not supported
[2023-06-2409:56:47] [ ERROR] [GlobalExceptionHandler:19] Request method 'POST' not supported
[2023-06-2409:58:23] [ ERROR] [GlobalExceptionHandler:19] not-null property references a null or transient value : com.example.FinalDesdeCero.entity.Domicilio.paciente; nested exception is org.hibernate.PropertyValueException: not-null property references a null or transient value : com.example.FinalDesdeCero.entity.Domicilio.paciente
[2023-06-2409:59:41] [ ERROR] [GlobalExceptionHandler:19] not-null property references a null or transient value : com.example.FinalDesdeCero.entity.Domicilio.paciente; nested exception is org.hibernate.PropertyValueException: not-null property references a null or transient value : com.example.FinalDesdeCero.entity.Domicilio.paciente
[2023-06-2409:59:58] [ ERROR] [GlobalExceptionHandler:19] not-null property references a null or transient value : com.example.FinalDesdeCero.entity.Domicilio.paciente; nested exception is org.hibernate.PropertyValueException: not-null property references a null or transient value : com.example.FinalDesdeCero.entity.Domicilio.paciente
[2023-06-2410:02:23] [ ERROR] [GlobalExceptionHandler:19] not-null property references a null or transient value : com.example.FinalDesdeCero.entity.Domicilio.paciente; nested exception is org.hibernate.PropertyValueException: not-null property references a null or transient value : com.example.FinalDesdeCero.entity.Domicilio.paciente
[2023-06-2410:02:49] [ ERROR] [GlobalExceptionHandler:19] not-null property references a null or transient value : com.example.FinalDesdeCero.entity.Domicilio.paciente; nested exception is org.hibernate.PropertyValueException: not-null property references a null or transient value : com.example.FinalDesdeCero.entity.Domicilio.paciente
[2023-06-2410:18:21] [ ERROR] [GlobalExceptionHandler:19] not-null property references a null or transient value : com.example.FinalDesdeCero.entity.Domicilio.paciente; nested exception is org.hibernate.PropertyValueException: not-null property references a null or transient value : com.example.FinalDesdeCero.entity.Domicilio.paciente
[2023-06-2411:09:43] [ ERROR] [GlobalExceptionHandler:19] not-null property references a null or transient value : com.example.FinalDesdeCero.entity.Domicilio.paciente; nested exception is org.hibernate.PropertyValueException: not-null property references a null or transient value : com.example.FinalDesdeCero.entity.Domicilio.paciente
[2023-06-2411:12:39] [ ERROR] [GlobalExceptionHandler:19] not-null property references a null or transient value : com.example.FinalDesdeCero.entity.Domicilio.paciente; nested exception is org.hibernate.PropertyValueException: not-null property references a null or transient value : com.example.FinalDesdeCero.entity.Domicilio.paciente
[2023-06-2411:12:51] [ ERROR] [GlobalExceptionHandler:19] not-null property references a null or transient value : com.example.FinalDesdeCero.entity.Domicilio.paciente; nested exception is org.hibernate.PropertyValueException: not-null property references a null or transient value : com.example.FinalDesdeCero.entity.Domicilio.paciente
[2023-06-2816:44:48] [ ERROR] [GlobalExceptionHandler:19] Failed to convert value of type 'java.lang.String' to required type 'java.lang.Long'; nested exception is java.lang.NumberFormatException: For input string: "listar"
[2023-06-2816:45:15] [ ERROR] [GlobalExceptionHandler:19] Failed to convert value of type 'java.lang.String' to required type 'java.lang.Long'; nested exception is java.lang.NumberFormatException: For input string: "listar"
[2023-06-2816:45:17] [ ERROR] [GlobalExceptionHandler:19] Failed to convert value of type 'java.lang.String' to required type 'java.lang.Long'; nested exception is java.lang.NumberFormatException: For input string: "listar"
[2023-06-2816:45:20] [ ERROR] [GlobalExceptionHandler:19] Failed to convert value of type 'java.lang.String' to required type 'java.lang.Long'; nested exception is java.lang.NumberFormatException: For input string: "listar"
[2023-06-2816:45:22] [ ERROR] [GlobalExceptionHandler:19] Failed to convert value of type 'java.lang.String' to required type 'java.lang.Long'; nested exception is java.lang.NumberFormatException: For input string: "listar"
[2023-06-2816:45:22] [ ERROR] [GlobalExceptionHandler:19] Failed to convert value of type 'java.lang.String' to required type 'java.lang.Long'; nested exception is java.lang.NumberFormatException: For input string: "listar"
[2023-06-2816:45:24] [ ERROR] [GlobalExceptionHandler:19] Failed to convert value of type 'java.lang.String' to required type 'java.lang.Long'; nested exception is java.lang.NumberFormatException: For input string: "listar"
[2023-06-2816:45:26] [ ERROR] [GlobalExceptionHandler:19] Failed to convert value of type 'java.lang.String' to required type 'java.lang.Long'; nested exception is java.lang.NumberFormatException: For input string: "listar"
[2023-06-2816:45:38] [ ERROR] [GlobalExceptionHandler:19] Failed to convert value of type 'java.lang.String' to required type 'java.lang.Long'; nested exception is java.lang.NumberFormatException: For input string: "listar"
[2023-06-2816:45:51] [ ERROR] [GlobalExceptionHandler:19] Failed to convert value of type 'java.lang.String' to required type 'java.lang.Long'; nested exception is java.lang.NumberFormatException: For input string: "listar"
[2023-06-2816:45:52] [ ERROR] [GlobalExceptionHandler:19] Failed to convert value of type 'java.lang.String' to required type 'java.lang.Long'; nested exception is java.lang.NumberFormatException: For input string: "listar"
[2023-06-2816:45:52] [ ERROR] [GlobalExceptionHandler:19] Failed to convert value of type 'java.lang.String' to required type 'java.lang.Long'; nested exception is java.lang.NumberFormatException: For input string: "listar"
[2023-06-2816:45:55] [ ERROR] [GlobalExceptionHandler:19] Failed to convert value of type 'java.lang.String' to required type 'java.lang.Long'; nested exception is java.lang.NumberFormatException: For input string: "listar"
[2023-06-2816:52:22] [ ERROR] [GlobalExceptionHandler:19] Failed to convert value of type 'java.lang.String' to required type 'java.lang.Long'; nested exception is java.lang.NumberFormatException: For input string: "todos"
[2023-06-2816:58:35] [ ERROR] [GlobalExceptionHandler:19] Failed to convert value of type 'java.lang.String' to required type 'java.lang.Long'; nested exception is java.lang.NumberFormatException: For input string: "todos"
[2023-06-2816:59:09] [ ERROR] [GlobalExceptionHandler:19] org.hibernate.TransientPropertyValueException: object references an unsaved transient instance - save the transient instance before flushing : com.example.FinalDesdeCero.entity.Paciente.domicilio -> com.example.FinalDesdeCero.entity.Domicilio; nested exception is java.lang.IllegalStateException: org.hibernate.TransientPropertyValueException: object references an unsaved transient instance - save the transient instance before flushing : com.example.FinalDesdeCero.entity.Paciente.domicilio -> com.example.FinalDesdeCero.entity.Domicilio
[2023-06-2816:59:27] [ ERROR] [GlobalExceptionHandler:19] org.hibernate.TransientPropertyValueException: object references an unsaved transient instance - save the transient instance before flushing : com.example.FinalDesdeCero.entity.Paciente.domicilio -> com.example.FinalDesdeCero.entity.Domicilio; nested exception is java.lang.IllegalStateException: org.hibernate.TransientPropertyValueException: object references an unsaved transient instance - save the transient instance before flushing : com.example.FinalDesdeCero.entity.Paciente.domicilio -> com.example.FinalDesdeCero.entity.Domicilio
[2023-06-2817:01:56] [ ERROR] [GlobalExceptionHandler:19] not-null property references a null or transient value : com.example.FinalDesdeCero.entity.Turno.odontologo; nested exception is org.hibernate.PropertyValueException: not-null property references a null or transient value : com.example.FinalDesdeCero.entity.Turno.odontologo
[2023-06-2817:02:11] [ ERROR] [GlobalExceptionHandler:19] JSON parse error: Invalid numeric value: Leading zeroes not allowed; nested exception is com.fasterxml.jackson.core.JsonParseException: Invalid numeric value: Leading zeroes not allowed
 at [Source: (PushbackInputStream); line: 2, column: 15]
[2023-06-2817:02:30] [ ERROR] [GlobalExceptionHandler:19] not-null property references a null or transient value : com.example.FinalDesdeCero.entity.Turno.odontologo; nested exception is org.hibernate.PropertyValueException: not-null property references a null or transient value : com.example.FinalDesdeCero.entity.Turno.odontologo
[2023-06-2817:03:52] [ ERROR] [GlobalExceptionHandler:19] not-null property references a null or transient value : com.example.FinalDesdeCero.entity.Turno.odontologo; nested exception is org.hibernate.PropertyValueException: not-null property references a null or transient value : com.example.FinalDesdeCero.entity.Turno.odontologo
[2023-06-2817:09:11] [ ERROR] [GlobalExceptionHandler:19] not-null property references a null or transient value : com.example.FinalDesdeCero.entity.Turno.odontologo; nested exception is org.hibernate.PropertyValueException: not-null property references a null or transient value : com.example.FinalDesdeCero.entity.Turno.odontologo
[2023-06-2817:10:26] [ ERROR] [GlobalExceptionHandler:19] JSON parse error: Cannot construct instance of `com.example.FinalDesdeCero.entity.OdontologoDTO` (although at least one Creator exists): no int/Int-argument constructor/factory method to deserialize from Number value (1); nested exception is com.fasterxml.jackson.databind.exc.MismatchedInputException: Cannot construct instance of `com.example.FinalDesdeCero.entity.OdontologoDTO` (although at least one Creator exists): no int/Int-argument constructor/factory method to deserialize from Number value (1)
 at [Source: (PushbackInputStream); line: 4, column: 20] (through reference chain: com.example.FinalDesdeCero.entity.TurnoDTO["odontologo"])
[2023-06-2819:24:32] [ ERROR] [GlobalExceptionHandler:19] not-null property references a null or transient value : com.example.FinalDesdeCero.entity.Turno.odontologo; nested exception is org.hibernate.PropertyValueException: not-null property references a null or transient value : com.example.FinalDesdeCero.entity.Turno.odontologo
[2023-06-2819:24:44] [ ERROR] [GlobalExceptionHandler:19] not-null property references a null or transient value : com.example.FinalDesdeCero.entity.Turno.odontologo; nested exception is org.hibernate.PropertyValueException: not-null property references a null or transient value : com.example.FinalDesdeCero.entity.Turno.odontologo
[2023-06-2819:26:52] [ ERROR] [GlobalExceptionHandler:19] JSON parse error: Cannot construct instance of `com.example.FinalDesdeCero.entity.OdontologoDTO` (although at least one Creator exists): no int/Int-argument constructor/factory method to deserialize from Number value (1); nested exception is com.fasterxml.jackson.databind.exc.MismatchedInputException: Cannot construct instance of `com.example.FinalDesdeCero.entity.OdontologoDTO` (although at least one Creator exists): no int/Int-argument constructor/factory method to deserialize from Number value (1)
 at [Source: (PushbackInputStream); line: 3, column: 20] (through reference chain: com.example.FinalDesdeCero.entity.TurnoDTO["odontologo"])
[2023-06-2819:26:58] [ ERROR] [GlobalExceptionHandler:19] JSON parse error: Cannot construct instance of `com.example.FinalDesdeCero.entity.OdontologoDTO` (although at least one Creator exists): no int/Int-argument constructor/factory method to deserialize from Number value (1); nested exception is com.fasterxml.jackson.databind.exc.MismatchedInputException: Cannot construct instance of `com.example.FinalDesdeCero.entity.OdontologoDTO` (although at least one Creator exists): no int/Int-argument constructor/factory method to deserialize from Number value (1)
 at [Source: (PushbackInputStream); line: 4, column: 20] (through reference chain: com.example.FinalDesdeCero.entity.TurnoDTO["odontologo"])
[2023-06-2819:28:06] [ ERROR] [GlobalExceptionHandler:19] JSON parse error: Cannot construct instance of `com.example.FinalDesdeCero.entity.OdontologoDTO` (although at least one Creator exists): no int/Int-argument constructor/factory method to deserialize from Number value (1); nested exception is com.fasterxml.jackson.databind.exc.MismatchedInputException: Cannot construct instance of `com.example.FinalDesdeCero.entity.OdontologoDTO` (although at least one Creator exists): no int/Int-argument constructor/factory method to deserialize from Number value (1)
 at [Source: (PushbackInputStream); line: 3, column: 20] (through reference chain: com.example.FinalDesdeCero.entity.TurnoDTO["odontologo"])
[2023-06-2819:28:32] [ ERROR] [GlobalExceptionHandler:19] JSON parse error: Cannot construct instance of `com.example.FinalDesdeCero.entity.OdontologoDTO` (although at least one Creator exists): no int/Int-argument constructor/factory method to deserialize from Number value (3); nested exception is com.fasterxml.jackson.databind.exc.MismatchedInputException: Cannot construct instance of `com.example.FinalDesdeCero.entity.OdontologoDTO` (although at least one Creator exists): no int/Int-argument constructor/factory method to deserialize from Number value (3)
 at [Source: (PushbackInputStream); line: 3, column: 20] (through reference chain: com.example.FinalDesdeCero.entity.TurnoDTO["odontologo"])
[2023-06-2820:51:54] [ ERROR] [GlobalExceptionHandler:19] No class com.example.FinalDesdeCero.entity.Turno entity with id 1 exists!
[2023-06-2913:45:55] [ ERROR] [GlobalExceptionHandler:19] JSON parse error: Unexpected character ('"' (code 34)): was expecting comma to separate Object entries; nested exception is com.fasterxml.jackson.core.JsonParseException: Unexpected character ('"' (code 34)): was expecting comma to separate Object entries
 at [Source: (PushbackInputStream); line: 4, column: 6]
[2023-06-2913:53:50] [ ERROR] [GlobalExceptionHandler:19] Request method 'GET' not supported
[2023-06-2922:38:28] [ ERROR] [GlobalExceptionHandler:19] Failed to convert value of type 'java.lang.String' to required type 'java.lang.Long'; nested exception is java.lang.NumberFormatException: For input string: "listar"
